for U0=0.02 ...
creating file KN1_U=(0.02,0)_s=(1,0)_h=(0,0).txt ...
U=(0.02,0) s=(1,0) h=(0,0) S=0 ...
U=(0.02,0) s=(1,0) h=(0,0) S=0.1 ...
U=(0.02,0) s=(1,0) h=(0,0) S=0.2 ...
U=(0.02,0) s=(1,0) h=(0,0) S=0.3 ...
U=(0.02,0) s=(1,0) h=(0,0) S=0.4 ...
U=(0.02,0) s=(1,0) h=(0,0) S=0.5 ...
done

creating file KN1_U=(0.02,0)_s=(1,0)_h=(0.02,0).txt ...
U=(0.02,0) s=(1,0) h=(0.02,0) S=0 ...
FATAL ERROR: Unrecognized argument: <0.02>
 
U=(0.02,0) s=(1,0) h=(0.02,0) S=0.1 ...
FATAL ERROR: Unrecognized argument: <0.02>
 
U=(0.02,0) s=(1,0) h=(0.02,0) S=0.2 ...
FATAL ERROR: Unrecognized argument: <0.02>
 
U=(0.02,0) s=(1,0) h=(0.02,0) S=0.3 ...
FATAL ERROR: Unrecognized argument: <0.02>
 
U=(0.02,0) s=(1,0) h=(0.02,0) S=0.4 ...
FATAL ERROR: Unrecognized argument: <0.02>
 
U=(0.02,0) s=(1,0) h=(0.02,0) S=0.5 ...
FATAL ERROR: Unrecognized argument: <0.02>
 
done

for U0=0.2 ...
creating file KN1_U=(0.2,0)_s=(1,0)_h=(0,0).txt ...
U=(0.2,0) s=(1,0) h=(0,0) S=0 ...
U=(0.2,0) s=(1,0) h=(0,0) S=0.1 ...
U=(0.2,0) s=(1,0) h=(0,0) S=0.2 ...
U=(0.2,0) s=(1,0) h=(0,0) S=0.3 ...
U=(0.2,0) s=(1,0) h=(0,0) S=0.4 ...
U=(0.2,0) s=(1,0) h=(0,0) S=0.5 ...
done

creating file KN1_U=(0.2,0)_s=(1,0)_h=(0.02,0).txt ...
U=(0.2,0) s=(1,0) h=(0.02,0) S=0 ...
FATAL ERROR: Unrecognized argument: <0.02>
 
U=(0.2,0) s=(1,0) h=(0.02,0) S=0.1 ...
FATAL ERROR: Unrecognized argument: <0.02>
 
U=(0.2,0) s=(1,0) h=(0.02,0) S=0.2 ...
FATAL ERROR: Unrecognized argument: <0.02>
 
U=(0.2,0) s=(1,0) h=(0.02,0) S=0.3 ...
FATAL ERROR: Unrecognized argument: <0.02>
 
U=(0.2,0) s=(1,0) h=(0.02,0) S=0.4 ...
FATAL ERROR: Unrecognized argument: <0.02>
 
U=(0.2,0) s=(1,0) h=(0.02,0) S=0.5 ...
FATAL ERROR: Unrecognized argument: <0.02>
 
done

for U0=1 ...
creating file KN1_U=(1,0)_s=(1,0)_h=(0,0).txt ...
U=(1,0) s=(1,0) h=(0,0) S=0 ...
U=(1,0) s=(1,0) h=(0,0) S=0.1 ...
U=(1,0) s=(1,0) h=(0,0) S=0.2 ...
U=(1,0) s=(1,0) h=(0,0) S=0.3 ...
U=(1,0) s=(1,0) h=(0,0) S=0.4 ...
U=(1,0) s=(1,0) h=(0,0) S=0.5 ...
done

creating file KN1_U=(1,0)_s=(1,0)_h=(0.02,0).txt ...
U=(1,0) s=(1,0) h=(0.02,0) S=0 ...
FATAL ERROR: Unrecognized argument: <0.02>
 
U=(1,0) s=(1,0) h=(0.02,0) S=0.1 ...
FATAL ERROR: Unrecognized argument: <0.02>
 
U=(1,0) s=(1,0) h=(0.02,0) S=0.2 ...
FATAL ERROR: Unrecognized argument: <0.02>
 
U=(1,0) s=(1,0) h=(0.02,0) S=0.3 ...
FATAL ERROR: Unrecognized argument: <0.02>
 
U=(1,0) s=(1,0) h=(0.02,0) S=0.4 ...
FATAL ERROR: Unrecognized argument: <0.02>
 
U=(1,0) s=(1,0) h=(0.02,0) S=0.5 ...
FATAL ERROR: Unrecognized argument: <0.02>
 
done

