initiate_mut_term_n
initiate_model_state_n: mutation class 0 is lethal, so KN->is_lethal[0]=1
initiate_model_state_n: KN->is_lethal[0]=1
initiate_model_state_n: KN->is_lethal[1]=0
initiate_model_state_n: if either of these are non-zero, expect normalization problems
compute_adults_initial_n
apply_adults_initial_n
is_equilibrium_n
apply_is_equilibrium_n
diff_epsilon_KArray_n
apply_is_equilibrium_n: no equilibrium
generation 0
generation 0
compute_adults_prevgen_n
apply_adults_prevgen_n
compute_mutation_n
apply_mutation_n
compute_self_progeny_n
apply_self_progeny_n
compute_apomixis_progeny_n
apply_apomixis_progeny_n
apply_apomixis_progeny_n: no apomixis
compute_gametes_n
apply_gametes_full_n
adjust_gametes_n
compute_zygotes_n
apply_zygotes_n
compute_summed_progeny_n
compute_selection_n
apply_selection_n
mean_fitness_n: sum_KArray_n was=2355.78
mean_fitness_n: KN->createlethal[0]=0
mean_fitness_n: KN->createlethal[1]=0
mean_fitness_n: sum_KArray_n is=2355.78
compute_adults_nextgen_n
apply_adults_nextgen_n
normalize_KArray_n
is_equilibrium_n
apply_is_equilibrium_n
diff_epsilon_KArray_n
apply_is_equilibrium_n: no equilibrium
generation 1
generation 1
compute_adults_prevgen_n
apply_adults_prevgen_n
compute_mutation_n
apply_mutation_n
compute_self_progeny_n
apply_self_progeny_n
compute_apomixis_progeny_n
apply_apomixis_progeny_n
apply_apomixis_progeny_n: no apomixis
compute_gametes_n
apply_gametes_full_n
adjust_gametes_n
compute_zygotes_n
apply_zygotes_n
compute_summed_progeny_n
compute_selection_n
apply_selection_n
mean_fitness_n: sum_KArray_n was=611.058
mean_fitness_n: KN->createlethal[0]=0
mean_fitness_n: KN->createlethal[1]=0
mean_fitness_n: sum_KArray_n is=611.058
compute_adults_nextgen_n
apply_adults_nextgen_n
normalize_KArray_n
is_equilibrium_n
apply_is_equilibrium_n
diff_epsilon_KArray_n
apply_is_equilibrium_n: no equilibrium
generation 2
generation 2
compute_adults_prevgen_n
apply_adults_prevgen_n
compute_mutation_n
apply_mutation_n
compute_self_progeny_n
apply_self_progeny_n
compute_apomixis_progeny_n
apply_apomixis_progeny_n
apply_apomixis_progeny_n: no apomixis
compute_gametes_n
apply_gametes_full_n
adjust_gametes_n
compute_zygotes_n
apply_zygotes_n
compute_summed_progeny_n
compute_selection_n
apply_selection_n
mean_fitness_n: sum_KArray_n was=230.362
mean_fitness_n: KN->createlethal[0]=0
mean_fitness_n: KN->createlethal[1]=0
mean_fitness_n: sum_KArray_n is=230.362
compute_adults_nextgen_n
apply_adults_nextgen_n
normalize_KArray_n
is_equilibrium_n
apply_is_equilibrium_n
diff_epsilon_KArray_n
apply_is_equilibrium_n: no equilibrium
generation 3
generation 3
compute_adults_prevgen_n
apply_adults_prevgen_n
compute_mutation_n
apply_mutation_n
compute_self_progeny_n
apply_self_progeny_n
compute_apomixis_progeny_n
apply_apomixis_progeny_n
apply_apomixis_progeny_n: no apomixis
compute_gametes_n
apply_gametes_full_n
adjust_gametes_n
compute_zygotes_n
apply_zygotes_n
compute_summed_progeny_n
compute_selection_n
apply_selection_n
mean_fitness_n: sum_KArray_n was=111.263
mean_fitness_n: KN->createlethal[0]=0
mean_fitness_n: KN->createlethal[1]=0
mean_fitness_n: sum_KArray_n is=111.263
compute_adults_nextgen_n
apply_adults_nextgen_n
normalize_KArray_n
is_equilibrium_n
apply_is_equilibrium_n
diff_epsilon_KArray_n
apply_is_equilibrium_n: no equilibrium
generation 4
generation 4
compute_adults_prevgen_n
apply_adults_prevgen_n
compute_mutation_n
apply_mutation_n
compute_self_progeny_n
apply_self_progeny_n
compute_apomixis_progeny_n
apply_apomixis_progeny_n
apply_apomixis_progeny_n: no apomixis
compute_gametes_n
apply_gametes_full_n
adjust_gametes_n
compute_zygotes_n
apply_zygotes_n
compute_summed_progeny_n
compute_selection_n
apply_selection_n
mean_fitness_n: sum_KArray_n was=68.5008
mean_fitness_n: KN->createlethal[0]=0
mean_fitness_n: KN->createlethal[1]=0
mean_fitness_n: sum_KArray_n is=68.5008
compute_adults_nextgen_n
apply_adults_nextgen_n
normalize_KArray_n
is_equilibrium_n
apply_is_equilibrium_n
diff_epsilon_KArray_n
apply_is_equilibrium_n: no equilibrium
generation 5
generation 5
compute_adults_prevgen_n
apply_adults_prevgen_n
compute_mutation_n
apply_mutation_n
compute_self_progeny_n
apply_self_progeny_n
compute_apomixis_progeny_n
apply_apomixis_progeny_n
apply_apomixis_progeny_n: no apomixis
compute_gametes_n
apply_gametes_full_n
adjust_gametes_n
compute_zygotes_n
apply_zygotes_n
compute_summed_progeny_n
compute_selection_n
apply_selection_n
mean_fitness_n: sum_KArray_n was=52.0334
mean_fitness_n: KN->createlethal[0]=0
mean_fitness_n: KN->createlethal[1]=0
mean_fitness_n: sum_KArray_n is=52.0334
compute_adults_nextgen_n
apply_adults_nextgen_n
normalize_KArray_n
is_equilibrium_n
apply_is_equilibrium_n
diff_epsilon_KArray_n
apply_is_equilibrium_n: no equilibrium
generation 6
generation 6
compute_adults_prevgen_n
apply_adults_prevgen_n
compute_mutation_n
apply_mutation_n
compute_self_progeny_n
apply_self_progeny_n
compute_apomixis_progeny_n
apply_apomixis_progeny_n
apply_apomixis_progeny_n: no apomixis
compute_gametes_n
apply_gametes_full_n
adjust_gametes_n
compute_zygotes_n
apply_zygotes_n
compute_summed_progeny_n
compute_selection_n
apply_selection_n
mean_fitness_n: sum_KArray_n was=45.4262
mean_fitness_n: KN->createlethal[0]=0
mean_fitness_n: KN->createlethal[1]=0
mean_fitness_n: sum_KArray_n is=45.4262
compute_adults_nextgen_n
apply_adults_nextgen_n
normalize_KArray_n
is_equilibrium_n
apply_is_equilibrium_n
diff_epsilon_KArray_n
apply_is_equilibrium_n: no equilibrium
generation 7
generation 7
compute_adults_prevgen_n
apply_adults_prevgen_n
compute_mutation_n
apply_mutation_n
compute_self_progeny_n
apply_self_progeny_n
compute_apomixis_progeny_n
apply_apomixis_progeny_n
apply_apomixis_progeny_n: no apomixis
compute_gametes_n
apply_gametes_full_n
adjust_gametes_n
compute_zygotes_n
apply_zygotes_n
compute_summed_progeny_n
compute_selection_n
apply_selection_n
mean_fitness_n: sum_KArray_n was=42.7154
mean_fitness_n: KN->createlethal[0]=0
mean_fitness_n: KN->createlethal[1]=0
mean_fitness_n: sum_KArray_n is=42.7154
compute_adults_nextgen_n
apply_adults_nextgen_n
normalize_KArray_n
is_equilibrium_n
apply_is_equilibrium_n
diff_epsilon_KArray_n
apply_is_equilibrium_n: no equilibrium
generation 8
generation 8
compute_adults_prevgen_n
apply_adults_prevgen_n
compute_mutation_n
apply_mutation_n
compute_self_progeny_n
apply_self_progeny_n
compute_apomixis_progeny_n
apply_apomixis_progeny_n
apply_apomixis_progeny_n: no apomixis
compute_gametes_n
apply_gametes_full_n
adjust_gametes_n
compute_zygotes_n
apply_zygotes_n
compute_summed_progeny_n
compute_selection_n
apply_selection_n
mean_fitness_n: sum_KArray_n was=41.591
mean_fitness_n: KN->createlethal[0]=0
mean_fitness_n: KN->createlethal[1]=0
mean_fitness_n: sum_KArray_n is=41.591
compute_adults_nextgen_n
apply_adults_nextgen_n
normalize_KArray_n
is_equilibrium_n
apply_is_equilibrium_n
diff_epsilon_KArray_n
apply_is_equilibrium_n: no equilibrium
generation 9
generation 9
compute_adults_prevgen_n
apply_adults_prevgen_n
compute_mutation_n
apply_mutation_n
compute_self_progeny_n
apply_self_progeny_n
compute_apomixis_progeny_n
apply_apomixis_progeny_n
apply_apomixis_progeny_n: no apomixis
compute_gametes_n
apply_gametes_full_n
adjust_gametes_n
compute_zygotes_n
apply_zygotes_n
compute_summed_progeny_n
compute_selection_n
apply_selection_n
mean_fitness_n: sum_KArray_n was=41.1223
mean_fitness_n: KN->createlethal[0]=0
mean_fitness_n: KN->createlethal[1]=0
mean_fitness_n: sum_KArray_n is=41.1223
compute_adults_nextgen_n
apply_adults_nextgen_n
normalize_KArray_n
is_equilibrium_n
apply_is_equilibrium_n
diff_epsilon_KArray_n
apply_is_equilibrium_n: no equilibrium
generation 10
generation 10
compute_adults_prevgen_n
apply_adults_prevgen_n
compute_mutation_n
apply_mutation_n
compute_self_progeny_n
apply_self_progeny_n
compute_apomixis_progeny_n
apply_apomixis_progeny_n
apply_apomixis_progeny_n: no apomixis
compute_gametes_n
apply_gametes_full_n
adjust_gametes_n
compute_zygotes_n
apply_zygotes_n
compute_summed_progeny_n
compute_selection_n
apply_selection_n
mean_fitness_n: sum_KArray_n was=40.9266
mean_fitness_n: KN->createlethal[0]=0
mean_fitness_n: KN->createlethal[1]=0
mean_fitness_n: sum_KArray_n is=40.9266
compute_adults_nextgen_n
apply_adults_nextgen_n
normalize_KArray_n
is_equilibrium_n
apply_is_equilibrium_n
diff_epsilon_KArray_n
apply_is_equilibrium_n: no equilibrium
generation 11
generation 11
compute_adults_prevgen_n
apply_adults_prevgen_n
compute_mutation_n
apply_mutation_n
compute_self_progeny_n
apply_self_progeny_n
compute_apomixis_progeny_n
apply_apomixis_progeny_n
apply_apomixis_progeny_n: no apomixis
compute_gametes_n
apply_gametes_full_n
adjust_gametes_n
compute_zygotes_n
apply_zygotes_n
compute_summed_progeny_n
compute_selection_n
apply_selection_n
mean_fitness_n: sum_KArray_n was=40.8447
mean_fitness_n: KN->createlethal[0]=0
mean_fitness_n: KN->createlethal[1]=0
mean_fitness_n: sum_KArray_n is=40.8447
compute_adults_nextgen_n
apply_adults_nextgen_n
normalize_KArray_n
is_equilibrium_n
apply_is_equilibrium_n
diff_epsilon_KArray_n
apply_is_equilibrium_n: no equilibrium
generation 12
generation 12
compute_adults_prevgen_n
apply_adults_prevgen_n
compute_mutation_n
apply_mutation_n
compute_self_progeny_n
apply_self_progeny_n
compute_apomixis_progeny_n
apply_apomixis_progeny_n
apply_apomixis_progeny_n: no apomixis
compute_gametes_n
apply_gametes_full_n
adjust_gametes_n
compute_zygotes_n
apply_zygotes_n
compute_summed_progeny_n
compute_selection_n
apply_selection_n
mean_fitness_n: sum_KArray_n was=40.8105
mean_fitness_n: KN->createlethal[0]=0
mean_fitness_n: KN->createlethal[1]=0
mean_fitness_n: sum_KArray_n is=40.8105
compute_adults_nextgen_n
apply_adults_nextgen_n
normalize_KArray_n
is_equilibrium_n
apply_is_equilibrium_n
diff_epsilon_KArray_n
apply_is_equilibrium_n: no equilibrium
generation 13
generation 13
compute_adults_prevgen_n
apply_adults_prevgen_n
compute_mutation_n
apply_mutation_n
compute_self_progeny_n
apply_self_progeny_n
compute_apomixis_progeny_n
apply_apomixis_progeny_n
apply_apomixis_progeny_n: no apomixis
compute_gametes_n
apply_gametes_full_n
adjust_gametes_n
compute_zygotes_n
apply_zygotes_n
compute_summed_progeny_n
compute_selection_n
apply_selection_n
mean_fitness_n: sum_KArray_n was=40.7961
mean_fitness_n: KN->createlethal[0]=0
mean_fitness_n: KN->createlethal[1]=0
mean_fitness_n: sum_KArray_n is=40.7961
compute_adults_nextgen_n
apply_adults_nextgen_n
normalize_KArray_n
is_equilibrium_n
apply_is_equilibrium_n
diff_epsilon_KArray_n
apply_is_equilibrium_n: no equilibrium
generation 14
generation 14
compute_adults_prevgen_n
apply_adults_prevgen_n
compute_mutation_n
apply_mutation_n
compute_self_progeny_n
apply_self_progeny_n
compute_apomixis_progeny_n
apply_apomixis_progeny_n
apply_apomixis_progeny_n: no apomixis
compute_gametes_n
apply_gametes_full_n
adjust_gametes_n
compute_zygotes_n
apply_zygotes_n
compute_summed_progeny_n
compute_selection_n
apply_selection_n
mean_fitness_n: sum_KArray_n was=40.7901
mean_fitness_n: KN->createlethal[0]=0
mean_fitness_n: KN->createlethal[1]=0
mean_fitness_n: sum_KArray_n is=40.7901
compute_adults_nextgen_n
apply_adults_nextgen_n
normalize_KArray_n
is_equilibrium_n
apply_is_equilibrium_n
diff_epsilon_KArray_n
apply_is_equilibrium_n: no equilibrium
generation 15
generation 15
compute_adults_prevgen_n
apply_adults_prevgen_n
compute_mutation_n
apply_mutation_n
compute_self_progeny_n
apply_self_progeny_n
compute_apomixis_progeny_n
apply_apomixis_progeny_n
apply_apomixis_progeny_n: no apomixis
compute_gametes_n
apply_gametes_full_n
adjust_gametes_n
compute_zygotes_n
apply_zygotes_n
compute_summed_progeny_n
compute_selection_n
apply_selection_n
mean_fitness_n: sum_KArray_n was=40.7876
mean_fitness_n: KN->createlethal[0]=0
mean_fitness_n: KN->createlethal[1]=0
mean_fitness_n: sum_KArray_n is=40.7876
compute_adults_nextgen_n
apply_adults_nextgen_n
normalize_KArray_n
is_equilibrium_n
apply_is_equilibrium_n
diff_epsilon_KArray_n
apply_is_equilibrium_n: no equilibrium
generation 16
generation 16
compute_adults_prevgen_n
apply_adults_prevgen_n
compute_mutation_n
apply_mutation_n
compute_self_progeny_n
apply_self_progeny_n
compute_apomixis_progeny_n
apply_apomixis_progeny_n
apply_apomixis_progeny_n: no apomixis
compute_gametes_n
apply_gametes_full_n
adjust_gametes_n
compute_zygotes_n
apply_zygotes_n
compute_summed_progeny_n
compute_selection_n
apply_selection_n
mean_fitness_n: sum_KArray_n was=40.7865
mean_fitness_n: KN->createlethal[0]=0
mean_fitness_n: KN->createlethal[1]=0
mean_fitness_n: sum_KArray_n is=40.7865
compute_adults_nextgen_n
apply_adults_nextgen_n
normalize_KArray_n
is_equilibrium_n
apply_is_equilibrium_n
diff_epsilon_KArray_n
apply_is_equilibrium_n: no equilibrium
generation 17
generation 17
compute_adults_prevgen_n
apply_adults_prevgen_n
compute_mutation_n
apply_mutation_n
compute_self_progeny_n
apply_self_progeny_n
compute_apomixis_progeny_n
apply_apomixis_progeny_n
apply_apomixis_progeny_n: no apomixis
compute_gametes_n
apply_gametes_full_n
adjust_gametes_n
compute_zygotes_n
apply_zygotes_n
compute_summed_progeny_n
compute_selection_n
apply_selection_n
mean_fitness_n: sum_KArray_n was=40.786
mean_fitness_n: KN->createlethal[0]=0
mean_fitness_n: KN->createlethal[1]=0
mean_fitness_n: sum_KArray_n is=40.786
compute_adults_nextgen_n
apply_adults_nextgen_n
normalize_KArray_n
is_equilibrium_n
apply_is_equilibrium_n
diff_epsilon_KArray_n
apply_is_equilibrium_n: no equilibrium
generation 18
generation 18
compute_adults_prevgen_n
apply_adults_prevgen_n
compute_mutation_n
apply_mutation_n
compute_self_progeny_n
apply_self_progeny_n
compute_apomixis_progeny_n
apply_apomixis_progeny_n
apply_apomixis_progeny_n: no apomixis
compute_gametes_n
apply_gametes_full_n
adjust_gametes_n
compute_zygotes_n
apply_zygotes_n
compute_summed_progeny_n
compute_selection_n
apply_selection_n
mean_fitness_n: sum_KArray_n was=40.7856
mean_fitness_n: KN->createlethal[0]=0
mean_fitness_n: KN->createlethal[1]=0
mean_fitness_n: sum_KArray_n is=40.7856
compute_adults_nextgen_n
apply_adults_nextgen_n
normalize_KArray_n
is_equilibrium_n
apply_is_equilibrium_n
diff_epsilon_KArray_n
apply_is_equilibrium_n: no equilibrium
generation 19
generation 19
compute_adults_prevgen_n
apply_adults_prevgen_n
compute_mutation_n
apply_mutation_n
compute_self_progeny_n
apply_self_progeny_n
compute_apomixis_progeny_n
apply_apomixis_progeny_n
apply_apomixis_progeny_n: no apomixis
compute_gametes_n
apply_gametes_full_n
adjust_gametes_n
compute_zygotes_n
apply_zygotes_n
compute_summed_progeny_n
compute_selection_n
apply_selection_n
mean_fitness_n: sum_KArray_n was=40.7849
mean_fitness_n: KN->createlethal[0]=0
mean_fitness_n: KN->createlethal[1]=0
mean_fitness_n: sum_KArray_n is=40.7849
compute_adults_nextgen_n
apply_adults_nextgen_n
normalize_KArray_n
is_equilibrium_n
apply_is_equilibrium_n
diff_epsilon_KArray_n
apply_is_equilibrium_n: no equilibrium
generation 20
generation 20
compute_adults_prevgen_n
apply_adults_prevgen_n
compute_mutation_n
apply_mutation_n
compute_self_progeny_n
apply_self_progeny_n
compute_apomixis_progeny_n
apply_apomixis_progeny_n
apply_apomixis_progeny_n: no apomixis
compute_gametes_n
apply_gametes_full_n
adjust_gametes_n
compute_zygotes_n
apply_zygotes_n
compute_summed_progeny_n
compute_selection_n
apply_selection_n
mean_fitness_n: sum_KArray_n was=40.7836
mean_fitness_n: KN->createlethal[0]=0
mean_fitness_n: KN->createlethal[1]=0
mean_fitness_n: sum_KArray_n is=40.7836
compute_adults_nextgen_n
apply_adults_nextgen_n
normalize_KArray_n
is_equilibrium_n
apply_is_equilibrium_n
diff_epsilon_KArray_n
apply_is_equilibrium_n: no equilibrium
generation 21
generation 21
compute_adults_prevgen_n
apply_adults_prevgen_n
compute_mutation_n
apply_mutation_n
compute_self_progeny_n
apply_self_progeny_n
compute_apomixis_progeny_n
apply_apomixis_progeny_n
apply_apomixis_progeny_n: no apomixis
compute_gametes_n
apply_gametes_full_n
adjust_gametes_n
compute_zygotes_n
apply_zygotes_n
compute_summed_progeny_n
compute_selection_n
apply_selection_n
mean_fitness_n: sum_KArray_n was=40.7806
mean_fitness_n: KN->createlethal[0]=0
mean_fitness_n: KN->createlethal[1]=0
mean_fitness_n: sum_KArray_n is=40.7806
compute_adults_nextgen_n
apply_adults_nextgen_n
normalize_KArray_n
is_equilibrium_n
apply_is_equilibrium_n
diff_epsilon_KArray_n
apply_is_equilibrium_n: no equilibrium
generation 22
generation 22
compute_adults_prevgen_n
apply_adults_prevgen_n
compute_mutation_n
apply_mutation_n
compute_self_progeny_n
apply_self_progeny_n
compute_apomixis_progeny_n
apply_apomixis_progeny_n
apply_apomixis_progeny_n: no apomixis
compute_gametes_n
apply_gametes_full_n
adjust_gametes_n
compute_zygotes_n
apply_zygotes_n
compute_summed_progeny_n
compute_selection_n
apply_selection_n
mean_fitness_n: sum_KArray_n was=40.7744
mean_fitness_n: KN->createlethal[0]=0
mean_fitness_n: KN->createlethal[1]=0
mean_fitness_n: sum_KArray_n is=40.7744
compute_adults_nextgen_n
apply_adults_nextgen_n
normalize_KArray_n
is_equilibrium_n
apply_is_equilibrium_n
diff_epsilon_KArray_n
apply_is_equilibrium_n: no equilibrium
generation 23
generation 23
compute_adults_prevgen_n
apply_adults_prevgen_n
compute_mutation_n
apply_mutation_n
compute_self_progeny_n
apply_self_progeny_n
compute_apomixis_progeny_n
apply_apomixis_progeny_n
apply_apomixis_progeny_n: no apomixis
compute_gametes_n
apply_gametes_full_n
adjust_gametes_n
compute_zygotes_n
apply_zygotes_n
compute_summed_progeny_n
compute_selection_n
apply_selection_n
mean_fitness_n: sum_KArray_n was=40.7622
mean_fitness_n: KN->createlethal[0]=0
mean_fitness_n: KN->createlethal[1]=0
mean_fitness_n: sum_KArray_n is=40.7622
compute_adults_nextgen_n
apply_adults_nextgen_n
normalize_KArray_n
is_equilibrium_n
apply_is_equilibrium_n
diff_epsilon_KArray_n
apply_is_equilibrium_n: no equilibrium
generation 24
generation 24
compute_adults_prevgen_n
apply_adults_prevgen_n
compute_mutation_n
apply_mutation_n
compute_self_progeny_n
apply_self_progeny_n
compute_apomixis_progeny_n
apply_apomixis_progeny_n
apply_apomixis_progeny_n: no apomixis
compute_gametes_n
apply_gametes_full_n
adjust_gametes_n
compute_zygotes_n
apply_zygotes_n
compute_summed_progeny_n
compute_selection_n
apply_selection_n
mean_fitness_n: sum_KArray_n was=40.7399
mean_fitness_n: KN->createlethal[0]=0
mean_fitness_n: KN->createlethal[1]=0
mean_fitness_n: sum_KArray_n is=40.7399
compute_adults_nextgen_n
apply_adults_nextgen_n
normalize_KArray_n
is_equilibrium_n
apply_is_equilibrium_n
diff_epsilon_KArray_n
apply_is_equilibrium_n: no equilibrium
generation 25
generation 25
compute_adults_prevgen_n
apply_adults_prevgen_n
compute_mutation_n
apply_mutation_n
compute_self_progeny_n
apply_self_progeny_n
compute_apomixis_progeny_n
apply_apomixis_progeny_n
apply_apomixis_progeny_n: no apomixis
compute_gametes_n
apply_gametes_full_n
adjust_gametes_n
compute_zygotes_n
apply_zygotes_n
compute_summed_progeny_n
compute_selection_n
apply_selection_n
mean_fitness_n: sum_KArray_n was=40.7016
mean_fitness_n: KN->createlethal[0]=0
mean_fitness_n: KN->createlethal[1]=0
mean_fitness_n: sum_KArray_n is=40.7016
compute_adults_nextgen_n
apply_adults_nextgen_n
normalize_KArray_n
is_equilibrium_n
apply_is_equilibrium_n
diff_epsilon_KArray_n
apply_is_equilibrium_n: no equilibrium
generation 26
generation 26
compute_adults_prevgen_n
apply_adults_prevgen_n
compute_mutation_n
apply_mutation_n
compute_self_progeny_n
apply_self_progeny_n
compute_apomixis_progeny_n
apply_apomixis_progeny_n
apply_apomixis_progeny_n: no apomixis
compute_gametes_n
apply_gametes_full_n
adjust_gametes_n
compute_zygotes_n
apply_zygotes_n
compute_summed_progeny_n
compute_selection_n
apply_selection_n
mean_fitness_n: sum_KArray_n was=40.6397
mean_fitness_n: KN->createlethal[0]=0
mean_fitness_n: KN->createlethal[1]=0
mean_fitness_n: sum_KArray_n is=40.6397
compute_adults_nextgen_n
apply_adults_nextgen_n
normalize_KArray_n
is_equilibrium_n
apply_is_equilibrium_n
diff_epsilon_KArray_n
apply_is_equilibrium_n: no equilibrium
generation 27
generation 27
compute_adults_prevgen_n
apply_adults_prevgen_n
compute_mutation_n
apply_mutation_n
compute_self_progeny_n
apply_self_progeny_n
compute_apomixis_progeny_n
apply_apomixis_progeny_n
apply_apomixis_progeny_n: no apomixis
compute_gametes_n
apply_gametes_full_n
adjust_gametes_n
compute_zygotes_n
apply_zygotes_n
compute_summed_progeny_n
compute_selection_n
apply_selection_n
mean_fitness_n: sum_KArray_n was=40.5454
mean_fitness_n: KN->createlethal[0]=0
mean_fitness_n: KN->createlethal[1]=0
mean_fitness_n: sum_KArray_n is=40.5454
compute_adults_nextgen_n
apply_adults_nextgen_n
normalize_KArray_n
is_equilibrium_n
apply_is_equilibrium_n
diff_epsilon_KArray_n
apply_is_equilibrium_n: no equilibrium
generation 28
generation 28
compute_adults_prevgen_n
apply_adults_prevgen_n
compute_mutation_n
apply_mutation_n
compute_self_progeny_n
apply_self_progeny_n
compute_apomixis_progeny_n
apply_apomixis_progeny_n
apply_apomixis_progeny_n: no apomixis
compute_gametes_n
apply_gametes_full_n
adjust_gametes_n
compute_zygotes_n
apply_zygotes_n
compute_summed_progeny_n
compute_selection_n
apply_selection_n
mean_fitness_n: sum_KArray_n was=40.4104
mean_fitness_n: KN->createlethal[0]=0
mean_fitness_n: KN->createlethal[1]=0
mean_fitness_n: sum_KArray_n is=40.4104
compute_adults_nextgen_n
apply_adults_nextgen_n
normalize_KArray_n
is_equilibrium_n
apply_is_equilibrium_n
diff_epsilon_KArray_n
apply_is_equilibrium_n: no equilibrium
generation 29
generation 29
compute_adults_prevgen_n
apply_adults_prevgen_n
compute_mutation_n
apply_mutation_n
compute_self_progeny_n
apply_self_progeny_n
compute_apomixis_progeny_n
apply_apomixis_progeny_n
apply_apomixis_progeny_n: no apomixis
compute_gametes_n
apply_gametes_full_n
adjust_gametes_n
compute_zygotes_n
apply_zygotes_n
compute_summed_progeny_n
compute_selection_n
apply_selection_n
mean_fitness_n: sum_KArray_n was=40.2285
mean_fitness_n: KN->createlethal[0]=0
mean_fitness_n: KN->createlethal[1]=0
mean_fitness_n: sum_KArray_n is=40.2285
compute_adults_nextgen_n
apply_adults_nextgen_n
normalize_KArray_n
is_equilibrium_n
apply_is_equilibrium_n
diff_epsilon_KArray_n
apply_is_equilibrium_n: no equilibrium
generation 30
generation 30
compute_adults_prevgen_n
apply_adults_prevgen_n
compute_mutation_n
apply_mutation_n
compute_self_progeny_n
apply_self_progeny_n
compute_apomixis_progeny_n
apply_apomixis_progeny_n
apply_apomixis_progeny_n: no apomixis
compute_gametes_n
apply_gametes_full_n
adjust_gametes_n
compute_zygotes_n
apply_zygotes_n
compute_summed_progeny_n
compute_selection_n
apply_selection_n
mean_fitness_n: sum_KArray_n was=39.9975
mean_fitness_n: KN->createlethal[0]=0
mean_fitness_n: KN->createlethal[1]=0
mean_fitness_n: sum_KArray_n is=39.9975
compute_adults_nextgen_n
apply_adults_nextgen_n
normalize_KArray_n
is_equilibrium_n
apply_is_equilibrium_n
diff_epsilon_KArray_n
apply_is_equilibrium_n: no equilibrium
generation 31
generation 31
compute_adults_prevgen_n
apply_adults_prevgen_n
compute_mutation_n
apply_mutation_n
compute_self_progeny_n
apply_self_progeny_n
compute_apomixis_progeny_n
apply_apomixis_progeny_n
apply_apomixis_progeny_n: no apomixis
compute_gametes_n
apply_gametes_full_n
adjust_gametes_n
compute_zygotes_n
apply_zygotes_n
compute_summed_progeny_n
compute_selection_n
apply_selection_n
mean_fitness_n: sum_KArray_n was=39.7205
mean_fitness_n: KN->createlethal[0]=0
mean_fitness_n: KN->createlethal[1]=0
mean_fitness_n: sum_KArray_n is=39.7205
compute_adults_nextgen_n
apply_adults_nextgen_n
normalize_KArray_n
is_equilibrium_n
apply_is_equilibrium_n
diff_epsilon_KArray_n
apply_is_equilibrium_n: no equilibrium
generation 32
generation 32
compute_adults_prevgen_n
apply_adults_prevgen_n
compute_mutation_n
apply_mutation_n
compute_self_progeny_n
apply_self_progeny_n
compute_apomixis_progeny_n
apply_apomixis_progeny_n
apply_apomixis_progeny_n: no apomixis
compute_gametes_n
apply_gametes_full_n
adjust_gametes_n
compute_zygotes_n
apply_zygotes_n
compute_summed_progeny_n
compute_selection_n
apply_selection_n
mean_fitness_n: sum_KArray_n was=39.4065
mean_fitness_n: KN->createlethal[0]=0
mean_fitness_n: KN->createlethal[1]=0
mean_fitness_n: sum_KArray_n is=39.4065
compute_adults_nextgen_n
apply_adults_nextgen_n
normalize_KArray_n
is_equilibrium_n
apply_is_equilibrium_n
diff_epsilon_KArray_n
apply_is_equilibrium_n: no equilibrium
generation 33
generation 33
compute_adults_prevgen_n
apply_adults_prevgen_n
compute_mutation_n
apply_mutation_n
compute_self_progeny_n
apply_self_progeny_n
compute_apomixis_progeny_n
apply_apomixis_progeny_n
apply_apomixis_progeny_n: no apomixis
compute_gametes_n
apply_gametes_full_n
adjust_gametes_n
compute_zygotes_n
apply_zygotes_n
compute_summed_progeny_n
compute_selection_n
apply_selection_n
mean_fitness_n: sum_KArray_n was=39.0686
mean_fitness_n: KN->createlethal[0]=0
mean_fitness_n: KN->createlethal[1]=0
mean_fitness_n: sum_KArray_n is=39.0686
compute_adults_nextgen_n
apply_adults_nextgen_n
normalize_KArray_n
is_equilibrium_n
apply_is_equilibrium_n
diff_epsilon_KArray_n
apply_is_equilibrium_n: no equilibrium
generation 34
generation 34
compute_adults_prevgen_n
apply_adults_prevgen_n
compute_mutation_n
apply_mutation_n
compute_self_progeny_n
apply_self_progeny_n
compute_apomixis_progeny_n
apply_apomixis_progeny_n
apply_apomixis_progeny_n: no apomixis
compute_gametes_n
apply_gametes_full_n
adjust_gametes_n
compute_zygotes_n
apply_zygotes_n
compute_summed_progeny_n
compute_selection_n
apply_selection_n
mean_fitness_n: sum_KArray_n was=38.7223
mean_fitness_n: KN->createlethal[0]=0
mean_fitness_n: KN->createlethal[1]=0
mean_fitness_n: sum_KArray_n is=38.7223
compute_adults_nextgen_n
apply_adults_nextgen_n
normalize_KArray_n
is_equilibrium_n
apply_is_equilibrium_n
diff_epsilon_KArray_n
apply_is_equilibrium_n: no equilibrium
generation 35
generation 35
compute_adults_prevgen_n
apply_adults_prevgen_n
compute_mutation_n
apply_mutation_n
compute_self_progeny_n
apply_self_progeny_n
compute_apomixis_progeny_n
apply_apomixis_progeny_n
apply_apomixis_progeny_n: no apomixis
compute_gametes_n
apply_gametes_full_n
adjust_gametes_n
compute_zygotes_n
apply_zygotes_n
compute_summed_progeny_n
compute_selection_n
apply_selection_n
mean_fitness_n: sum_KArray_n was=38.3826
mean_fitness_n: KN->createlethal[0]=0
mean_fitness_n: KN->createlethal[1]=0
mean_fitness_n: sum_KArray_n is=38.3826
compute_adults_nextgen_n
apply_adults_nextgen_n
normalize_KArray_n
is_equilibrium_n
apply_is_equilibrium_n
diff_epsilon_KArray_n
apply_is_equilibrium_n: no equilibrium
generation 36
generation 36
compute_adults_prevgen_n
apply_adults_prevgen_n
compute_mutation_n
apply_mutation_n
compute_self_progeny_n
apply_self_progeny_n
compute_apomixis_progeny_n
apply_apomixis_progeny_n
apply_apomixis_progeny_n: no apomixis
compute_gametes_n
apply_gametes_full_n
adjust_gametes_n
compute_zygotes_n
apply_zygotes_n
compute_summed_progeny_n
compute_selection_n
apply_selection_n
mean_fitness_n: sum_KArray_n was=38.062
mean_fitness_n: KN->createlethal[0]=0
mean_fitness_n: KN->createlethal[1]=0
mean_fitness_n: sum_KArray_n is=38.062
compute_adults_nextgen_n
apply_adults_nextgen_n
normalize_KArray_n
is_equilibrium_n
apply_is_equilibrium_n
diff_epsilon_KArray_n
apply_is_equilibrium_n: no equilibrium
generation 37
generation 37
compute_adults_prevgen_n
apply_adults_prevgen_n
compute_mutation_n
apply_mutation_n
compute_self_progeny_n
apply_self_progeny_n
compute_apomixis_progeny_n
apply_apomixis_progeny_n
apply_apomixis_progeny_n: no apomixis
compute_gametes_n
apply_gametes_full_n
adjust_gametes_n
compute_zygotes_n
apply_zygotes_n
compute_summed_progeny_n
compute_selection_n
apply_selection_n
mean_fitness_n: sum_KArray_n was=37.7695
mean_fitness_n: KN->createlethal[0]=0
mean_fitness_n: KN->createlethal[1]=0
mean_fitness_n: sum_KArray_n is=37.7695
compute_adults_nextgen_n
apply_adults_nextgen_n
normalize_KArray_n
is_equilibrium_n
apply_is_equilibrium_n
diff_epsilon_KArray_n
apply_is_equilibrium_n: no equilibrium
generation 38
generation 38
compute_adults_prevgen_n
apply_adults_prevgen_n
compute_mutation_n
apply_mutation_n
compute_self_progeny_n
apply_self_progeny_n
compute_apomixis_progeny_n
apply_apomixis_progeny_n
apply_apomixis_progeny_n: no apomixis
compute_gametes_n
apply_gametes_full_n
adjust_gametes_n
compute_zygotes_n
apply_zygotes_n
compute_summed_progeny_n
compute_selection_n
apply_selection_n
mean_fitness_n: sum_KArray_n was=37.5103
mean_fitness_n: KN->createlethal[0]=0
mean_fitness_n: KN->createlethal[1]=0
mean_fitness_n: sum_KArray_n is=37.5103
compute_adults_nextgen_n
apply_adults_nextgen_n
normalize_KArray_n
is_equilibrium_n
apply_is_equilibrium_n
diff_epsilon_KArray_n
apply_is_equilibrium_n: no equilibrium
generation 39
generation 39
compute_adults_prevgen_n
apply_adults_prevgen_n
compute_mutation_n
apply_mutation_n
compute_self_progeny_n
apply_self_progeny_n
compute_apomixis_progeny_n
apply_apomixis_progeny_n
apply_apomixis_progeny_n: no apomixis
compute_gametes_n
apply_gametes_full_n
adjust_gametes_n
compute_zygotes_n
apply_zygotes_n
compute_summed_progeny_n
compute_selection_n
apply_selection_n
mean_fitness_n: sum_KArray_n was=37.2862
mean_fitness_n: KN->createlethal[0]=0
mean_fitness_n: KN->createlethal[1]=0
mean_fitness_n: sum_KArray_n is=37.2862
compute_adults_nextgen_n
apply_adults_nextgen_n
normalize_KArray_n
is_equilibrium_n
apply_is_equilibrium_n
diff_epsilon_KArray_n
apply_is_equilibrium_n: no equilibrium
generation 40
generation 40
compute_adults_prevgen_n
apply_adults_prevgen_n
compute_mutation_n
apply_mutation_n
compute_self_progeny_n
apply_self_progeny_n
compute_apomixis_progeny_n
apply_apomixis_progeny_n
apply_apomixis_progeny_n: no apomixis
compute_gametes_n
apply_gametes_full_n
adjust_gametes_n
compute_zygotes_n
apply_zygotes_n
compute_summed_progeny_n
compute_selection_n
apply_selection_n
mean_fitness_n: sum_KArray_n was=37.0963
mean_fitness_n: KN->createlethal[0]=0
mean_fitness_n: KN->createlethal[1]=0
mean_fitness_n: sum_KArray_n is=37.0963
compute_adults_nextgen_n
apply_adults_nextgen_n
normalize_KArray_n
is_equilibrium_n
apply_is_equilibrium_n
diff_epsilon_KArray_n
apply_is_equilibrium_n: no equilibrium
generation 41
generation 41
compute_adults_prevgen_n
apply_adults_prevgen_n
compute_mutation_n
apply_mutation_n
compute_self_progeny_n
apply_self_progeny_n
compute_apomixis_progeny_n
apply_apomixis_progeny_n
apply_apomixis_progeny_n: no apomixis
compute_gametes_n
apply_gametes_full_n
adjust_gametes_n
compute_zygotes_n
apply_zygotes_n
compute_summed_progeny_n
compute_selection_n
apply_selection_n
mean_fitness_n: sum_KArray_n was=36.9381
mean_fitness_n: KN->createlethal[0]=0
mean_fitness_n: KN->createlethal[1]=0
mean_fitness_n: sum_KArray_n is=36.9381
compute_adults_nextgen_n
apply_adults_nextgen_n
normalize_KArray_n
is_equilibrium_n
apply_is_equilibrium_n
diff_epsilon_KArray_n
apply_is_equilibrium_n: no equilibrium
generation 42
generation 42
compute_adults_prevgen_n
apply_adults_prevgen_n
compute_mutation_n
apply_mutation_n
compute_self_progeny_n
apply_self_progeny_n
compute_apomixis_progeny_n
apply_apomixis_progeny_n
apply_apomixis_progeny_n: no apomixis
compute_gametes_n
apply_gametes_full_n
adjust_gametes_n
compute_zygotes_n
apply_zygotes_n
compute_summed_progeny_n
compute_selection_n
apply_selection_n
mean_fitness_n: sum_KArray_n was=36.808
mean_fitness_n: KN->createlethal[0]=0
mean_fitness_n: KN->createlethal[1]=0
mean_fitness_n: sum_KArray_n is=36.808
compute_adults_nextgen_n
apply_adults_nextgen_n
normalize_KArray_n
is_equilibrium_n
apply_is_equilibrium_n
diff_epsilon_KArray_n
apply_is_equilibrium_n: no equilibrium
generation 43
generation 43
compute_adults_prevgen_n
apply_adults_prevgen_n
compute_mutation_n
apply_mutation_n
compute_self_progeny_n
apply_self_progeny_n
compute_apomixis_progeny_n
apply_apomixis_progeny_n
apply_apomixis_progeny_n: no apomixis
compute_gametes_n
apply_gametes_full_n
adjust_gametes_n
compute_zygotes_n
apply_zygotes_n
compute_summed_progeny_n
compute_selection_n
apply_selection_n
mean_fitness_n: sum_KArray_n was=36.7022
mean_fitness_n: KN->createlethal[0]=0
mean_fitness_n: KN->createlethal[1]=0
mean_fitness_n: sum_KArray_n is=36.7022
compute_adults_nextgen_n
apply_adults_nextgen_n
normalize_KArray_n
is_equilibrium_n
apply_is_equilibrium_n
diff_epsilon_KArray_n
apply_is_equilibrium_n: no equilibrium
generation 44
generation 44
compute_adults_prevgen_n
apply_adults_prevgen_n
compute_mutation_n
apply_mutation_n
compute_self_progeny_n
apply_self_progeny_n
compute_apomixis_progeny_n
apply_apomixis_progeny_n
apply_apomixis_progeny_n: no apomixis
compute_gametes_n
apply_gametes_full_n
adjust_gametes_n
compute_zygotes_n
apply_zygotes_n
compute_summed_progeny_n
compute_selection_n
apply_selection_n
mean_fitness_n: sum_KArray_n was=36.6169
mean_fitness_n: KN->createlethal[0]=0
mean_fitness_n: KN->createlethal[1]=0
mean_fitness_n: sum_KArray_n is=36.6169
compute_adults_nextgen_n
apply_adults_nextgen_n
normalize_KArray_n
is_equilibrium_n
apply_is_equilibrium_n
diff_epsilon_KArray_n
apply_is_equilibrium_n: no equilibrium
generation 45
generation 45
compute_adults_prevgen_n
apply_adults_prevgen_n
compute_mutation_n
apply_mutation_n
compute_self_progeny_n
apply_self_progeny_n
compute_apomixis_progeny_n
apply_apomixis_progeny_n
apply_apomixis_progeny_n: no apomixis
compute_gametes_n
apply_gametes_full_n
adjust_gametes_n
compute_zygotes_n
apply_zygotes_n
compute_summed_progeny_n
compute_selection_n
apply_selection_n
mean_fitness_n: sum_KArray_n was=36.5487
mean_fitness_n: KN->createlethal[0]=0
mean_fitness_n: KN->createlethal[1]=0
mean_fitness_n: sum_KArray_n is=36.5487
compute_adults_nextgen_n
apply_adults_nextgen_n
normalize_KArray_n
is_equilibrium_n
apply_is_equilibrium_n
diff_epsilon_KArray_n
apply_is_equilibrium_n: no equilibrium
generation 46
generation 46
compute_adults_prevgen_n
apply_adults_prevgen_n
compute_mutation_n
apply_mutation_n
compute_self_progeny_n
apply_self_progeny_n
compute_apomixis_progeny_n
apply_apomixis_progeny_n
apply_apomixis_progeny_n: no apomixis
compute_gametes_n
apply_gametes_full_n
adjust_gametes_n
compute_zygotes_n
apply_zygotes_n
compute_summed_progeny_n
compute_selection_n
apply_selection_n
mean_fitness_n: sum_KArray_n was=36.4944
mean_fitness_n: KN->createlethal[0]=0
mean_fitness_n: KN->createlethal[1]=0
mean_fitness_n: sum_KArray_n is=36.4944
compute_adults_nextgen_n
apply_adults_nextgen_n
normalize_KArray_n
is_equilibrium_n
apply_is_equilibrium_n
diff_epsilon_KArray_n
apply_is_equilibrium_n: no equilibrium
generation 47
generation 47
compute_adults_prevgen_n
apply_adults_prevgen_n
compute_mutation_n
apply_mutation_n
compute_self_progeny_n
apply_self_progeny_n
compute_apomixis_progeny_n
apply_apomixis_progeny_n
apply_apomixis_progeny_n: no apomixis
compute_gametes_n
apply_gametes_full_n
adjust_gametes_n
compute_zygotes_n
apply_zygotes_n
compute_summed_progeny_n
compute_selection_n
apply_selection_n
mean_fitness_n: sum_KArray_n was=36.4514
mean_fitness_n: KN->createlethal[0]=0
mean_fitness_n: KN->createlethal[1]=0
mean_fitness_n: sum_KArray_n is=36.4514
compute_adults_nextgen_n
apply_adults_nextgen_n
normalize_KArray_n
is_equilibrium_n
apply_is_equilibrium_n
diff_epsilon_KArray_n
apply_is_equilibrium_n: no equilibrium
generation 48
generation 48
compute_adults_prevgen_n
apply_adults_prevgen_n
compute_mutation_n
apply_mutation_n
compute_self_progeny_n
apply_self_progeny_n
compute_apomixis_progeny_n
apply_apomixis_progeny_n
apply_apomixis_progeny_n: no apomixis
compute_gametes_n
apply_gametes_full_n
adjust_gametes_n
compute_zygotes_n
apply_zygotes_n
compute_summed_progeny_n
compute_selection_n
apply_selection_n
mean_fitness_n: sum_KArray_n was=36.4174
mean_fitness_n: KN->createlethal[0]=0
mean_fitness_n: KN->createlethal[1]=0
mean_fitness_n: sum_KArray_n is=36.4174
compute_adults_nextgen_n
apply_adults_nextgen_n
normalize_KArray_n
is_equilibrium_n
apply_is_equilibrium_n
diff_epsilon_KArray_n
apply_is_equilibrium_n: no equilibrium
generation 49
generation 49
compute_adults_prevgen_n
apply_adults_prevgen_n
compute_mutation_n
apply_mutation_n
compute_self_progeny_n
apply_self_progeny_n
compute_apomixis_progeny_n
apply_apomixis_progeny_n
apply_apomixis_progeny_n: no apomixis
compute_gametes_n
apply_gametes_full_n
adjust_gametes_n
compute_zygotes_n
apply_zygotes_n
compute_summed_progeny_n
compute_selection_n
apply_selection_n
mean_fitness_n: sum_KArray_n was=36.3906
mean_fitness_n: KN->createlethal[0]=0
mean_fitness_n: KN->createlethal[1]=0
mean_fitness_n: sum_KArray_n is=36.3906
compute_adults_nextgen_n
apply_adults_nextgen_n
normalize_KArray_n
is_equilibrium_n
apply_is_equilibrium_n
diff_epsilon_KArray_n
apply_is_equilibrium_n: no equilibrium
generation 50
generation 50
compute_adults_prevgen_n
apply_adults_prevgen_n
compute_mutation_n
apply_mutation_n
compute_self_progeny_n
apply_self_progeny_n
compute_apomixis_progeny_n
apply_apomixis_progeny_n
apply_apomixis_progeny_n: no apomixis
compute_gametes_n
apply_gametes_full_n
adjust_gametes_n
compute_zygotes_n
apply_zygotes_n
compute_summed_progeny_n
compute_selection_n
apply_selection_n
mean_fitness_n: sum_KArray_n was=36.3696
mean_fitness_n: KN->createlethal[0]=0
mean_fitness_n: KN->createlethal[1]=0
mean_fitness_n: sum_KArray_n is=36.3696
compute_adults_nextgen_n
apply_adults_nextgen_n
normalize_KArray_n
is_equilibrium_n
apply_is_equilibrium_n
diff_epsilon_KArray_n
apply_is_equilibrium_n: no equilibrium
generation 51
generation 51
compute_adults_prevgen_n
apply_adults_prevgen_n
compute_mutation_n
apply_mutation_n
compute_self_progeny_n
apply_self_progeny_n
compute_apomixis_progeny_n
apply_apomixis_progeny_n
apply_apomixis_progeny_n: no apomixis
compute_gametes_n
apply_gametes_full_n
adjust_gametes_n
compute_zygotes_n
apply_zygotes_n
compute_summed_progeny_n
compute_selection_n
apply_selection_n
mean_fitness_n: sum_KArray_n was=36.3531
mean_fitness_n: KN->createlethal[0]=0
mean_fitness_n: KN->createlethal[1]=0
mean_fitness_n: sum_KArray_n is=36.3531
compute_adults_nextgen_n
apply_adults_nextgen_n
normalize_KArray_n
is_equilibrium_n
apply_is_equilibrium_n
diff_epsilon_KArray_n
apply_is_equilibrium_n: no equilibrium
generation 52
generation 52
compute_adults_prevgen_n
apply_adults_prevgen_n
compute_mutation_n
apply_mutation_n
compute_self_progeny_n
apply_self_progeny_n
compute_apomixis_progeny_n
apply_apomixis_progeny_n
apply_apomixis_progeny_n: no apomixis
compute_gametes_n
apply_gametes_full_n
adjust_gametes_n
compute_zygotes_n
apply_zygotes_n
compute_summed_progeny_n
compute_selection_n
apply_selection_n
mean_fitness_n: sum_KArray_n was=36.3402
mean_fitness_n: KN->createlethal[0]=0
mean_fitness_n: KN->createlethal[1]=0
mean_fitness_n: sum_KArray_n is=36.3402
compute_adults_nextgen_n
apply_adults_nextgen_n
normalize_KArray_n
is_equilibrium_n
apply_is_equilibrium_n
diff_epsilon_KArray_n
apply_is_equilibrium_n: no equilibrium
generation 53
generation 53
compute_adults_prevgen_n
apply_adults_prevgen_n
compute_mutation_n
apply_mutation_n
compute_self_progeny_n
apply_self_progeny_n
compute_apomixis_progeny_n
apply_apomixis_progeny_n
apply_apomixis_progeny_n: no apomixis
compute_gametes_n
apply_gametes_full_n
adjust_gametes_n
compute_zygotes_n
apply_zygotes_n
compute_summed_progeny_n
compute_selection_n
apply_selection_n
mean_fitness_n: sum_KArray_n was=36.3301
mean_fitness_n: KN->createlethal[0]=0
mean_fitness_n: KN->createlethal[1]=0
mean_fitness_n: sum_KArray_n is=36.3301
compute_adults_nextgen_n
apply_adults_nextgen_n
normalize_KArray_n
is_equilibrium_n
apply_is_equilibrium_n
diff_epsilon_KArray_n
apply_is_equilibrium_n: no equilibrium
generation 54
generation 54
compute_adults_prevgen_n
apply_adults_prevgen_n
compute_mutation_n
apply_mutation_n
compute_self_progeny_n
apply_self_progeny_n
compute_apomixis_progeny_n
apply_apomixis_progeny_n
apply_apomixis_progeny_n: no apomixis
compute_gametes_n
apply_gametes_full_n
adjust_gametes_n
compute_zygotes_n
apply_zygotes_n
compute_summed_progeny_n
compute_selection_n
apply_selection_n
mean_fitness_n: sum_KArray_n was=36.3222
mean_fitness_n: KN->createlethal[0]=0
mean_fitness_n: KN->createlethal[1]=0
mean_fitness_n: sum_KArray_n is=36.3222
compute_adults_nextgen_n
apply_adults_nextgen_n
normalize_KArray_n
is_equilibrium_n
apply_is_equilibrium_n
diff_epsilon_KArray_n
apply_is_equilibrium_n: no equilibrium
generation 55
generation 55
compute_adults_prevgen_n
apply_adults_prevgen_n
compute_mutation_n
apply_mutation_n
compute_self_progeny_n
apply_self_progeny_n
compute_apomixis_progeny_n
apply_apomixis_progeny_n
apply_apomixis_progeny_n: no apomixis
compute_gametes_n
apply_gametes_full_n
adjust_gametes_n
compute_zygotes_n
apply_zygotes_n
compute_summed_progeny_n
compute_selection_n
apply_selection_n
mean_fitness_n: sum_KArray_n was=36.316
mean_fitness_n: KN->createlethal[0]=0
mean_fitness_n: KN->createlethal[1]=0
mean_fitness_n: sum_KArray_n is=36.316
compute_adults_nextgen_n
apply_adults_nextgen_n
normalize_KArray_n
is_equilibrium_n
apply_is_equilibrium_n
diff_epsilon_KArray_n
apply_is_equilibrium_n: no equilibrium
generation 56
generation 56
compute_adults_prevgen_n
apply_adults_prevgen_n
compute_mutation_n
apply_mutation_n
compute_self_progeny_n
apply_self_progeny_n
compute_apomixis_progeny_n
apply_apomixis_progeny_n
apply_apomixis_progeny_n: no apomixis
compute_gametes_n
apply_gametes_full_n
adjust_gametes_n
compute_zygotes_n
apply_zygotes_n
compute_summed_progeny_n
compute_selection_n
apply_selection_n
mean_fitness_n: sum_KArray_n was=36.3111
mean_fitness_n: KN->createlethal[0]=0
mean_fitness_n: KN->createlethal[1]=0
mean_fitness_n: sum_KArray_n is=36.3111
compute_adults_nextgen_n
apply_adults_nextgen_n
normalize_KArray_n
is_equilibrium_n
apply_is_equilibrium_n
diff_epsilon_KArray_n
apply_is_equilibrium_n: no equilibrium
generation 57
generation 57
compute_adults_prevgen_n
apply_adults_prevgen_n
compute_mutation_n
apply_mutation_n
compute_self_progeny_n
apply_self_progeny_n
compute_apomixis_progeny_n
apply_apomixis_progeny_n
apply_apomixis_progeny_n: no apomixis
compute_gametes_n
apply_gametes_full_n
adjust_gametes_n
compute_zygotes_n
apply_zygotes_n
compute_summed_progeny_n
compute_selection_n
apply_selection_n
mean_fitness_n: sum_KArray_n was=36.3074
mean_fitness_n: KN->createlethal[0]=0
mean_fitness_n: KN->createlethal[1]=0
mean_fitness_n: sum_KArray_n is=36.3074
compute_adults_nextgen_n
apply_adults_nextgen_n
normalize_KArray_n
is_equilibrium_n
apply_is_equilibrium_n
diff_epsilon_KArray_n
apply_is_equilibrium_n: no equilibrium
generation 58
generation 58
compute_adults_prevgen_n
apply_adults_prevgen_n
compute_mutation_n
apply_mutation_n
compute_self_progeny_n
apply_self_progeny_n
compute_apomixis_progeny_n
apply_apomixis_progeny_n
apply_apomixis_progeny_n: no apomixis
compute_gametes_n
apply_gametes_full_n
adjust_gametes_n
compute_zygotes_n
apply_zygotes_n
compute_summed_progeny_n
compute_selection_n
apply_selection_n
mean_fitness_n: sum_KArray_n was=36.3044
mean_fitness_n: KN->createlethal[0]=0
mean_fitness_n: KN->createlethal[1]=0
mean_fitness_n: sum_KArray_n is=36.3044
compute_adults_nextgen_n
apply_adults_nextgen_n
normalize_KArray_n
is_equilibrium_n
apply_is_equilibrium_n
diff_epsilon_KArray_n
apply_is_equilibrium_n: no equilibrium
generation 59
generation 59
compute_adults_prevgen_n
apply_adults_prevgen_n
compute_mutation_n
apply_mutation_n
compute_self_progeny_n
apply_self_progeny_n
compute_apomixis_progeny_n
apply_apomixis_progeny_n
apply_apomixis_progeny_n: no apomixis
compute_gametes_n
apply_gametes_full_n
adjust_gametes_n
compute_zygotes_n
apply_zygotes_n
compute_summed_progeny_n
compute_selection_n
apply_selection_n
mean_fitness_n: sum_KArray_n was=36.3021
mean_fitness_n: KN->createlethal[0]=0
mean_fitness_n: KN->createlethal[1]=0
mean_fitness_n: sum_KArray_n is=36.3021
compute_adults_nextgen_n
apply_adults_nextgen_n
normalize_KArray_n
is_equilibrium_n
apply_is_equilibrium_n
diff_epsilon_KArray_n
apply_is_equilibrium_n: no equilibrium
generation 60
generation 60
compute_adults_prevgen_n
apply_adults_prevgen_n
compute_mutation_n
apply_mutation_n
compute_self_progeny_n
apply_self_progeny_n
compute_apomixis_progeny_n
apply_apomixis_progeny_n
apply_apomixis_progeny_n: no apomixis
compute_gametes_n
apply_gametes_full_n
adjust_gametes_n
compute_zygotes_n
apply_zygotes_n
compute_summed_progeny_n
compute_selection_n
apply_selection_n
mean_fitness_n: sum_KArray_n was=36.3003
mean_fitness_n: KN->createlethal[0]=0
mean_fitness_n: KN->createlethal[1]=0
mean_fitness_n: sum_KArray_n is=36.3003
compute_adults_nextgen_n
apply_adults_nextgen_n
normalize_KArray_n
is_equilibrium_n
apply_is_equilibrium_n
diff_epsilon_KArray_n
apply_is_equilibrium_n: no equilibrium
generation 61
generation 61
compute_adults_prevgen_n
apply_adults_prevgen_n
compute_mutation_n
apply_mutation_n
compute_self_progeny_n
apply_self_progeny_n
compute_apomixis_progeny_n
apply_apomixis_progeny_n
apply_apomixis_progeny_n: no apomixis
compute_gametes_n
apply_gametes_full_n
adjust_gametes_n
compute_zygotes_n
apply_zygotes_n
compute_summed_progeny_n
compute_selection_n
apply_selection_n
mean_fitness_n: sum_KArray_n was=36.2989
mean_fitness_n: KN->createlethal[0]=0
mean_fitness_n: KN->createlethal[1]=0
mean_fitness_n: sum_KArray_n is=36.2989
compute_adults_nextgen_n
apply_adults_nextgen_n
normalize_KArray_n
is_equilibrium_n
apply_is_equilibrium_n
diff_epsilon_KArray_n
apply_is_equilibrium_n: no equilibrium
generation 62
generation 62
compute_adults_prevgen_n
apply_adults_prevgen_n
compute_mutation_n
apply_mutation_n
compute_self_progeny_n
apply_self_progeny_n
compute_apomixis_progeny_n
apply_apomixis_progeny_n
apply_apomixis_progeny_n: no apomixis
compute_gametes_n
apply_gametes_full_n
adjust_gametes_n
compute_zygotes_n
apply_zygotes_n
compute_summed_progeny_n
compute_selection_n
apply_selection_n
mean_fitness_n: sum_KArray_n was=36.2978
mean_fitness_n: KN->createlethal[0]=0
mean_fitness_n: KN->createlethal[1]=0
mean_fitness_n: sum_KArray_n is=36.2978
compute_adults_nextgen_n
apply_adults_nextgen_n
normalize_KArray_n
is_equilibrium_n
apply_is_equilibrium_n
diff_epsilon_KArray_n
apply_is_equilibrium_n: no equilibrium
generation 63
generation 63
compute_adults_prevgen_n
apply_adults_prevgen_n
compute_mutation_n
apply_mutation_n
compute_self_progeny_n
apply_self_progeny_n
compute_apomixis_progeny_n
apply_apomixis_progeny_n
apply_apomixis_progeny_n: no apomixis
compute_gametes_n
apply_gametes_full_n
adjust_gametes_n
compute_zygotes_n
apply_zygotes_n
compute_summed_progeny_n
compute_selection_n
apply_selection_n
mean_fitness_n: sum_KArray_n was=36.297
mean_fitness_n: KN->createlethal[0]=0
mean_fitness_n: KN->createlethal[1]=0
mean_fitness_n: sum_KArray_n is=36.297
compute_adults_nextgen_n
apply_adults_nextgen_n
normalize_KArray_n
is_equilibrium_n
apply_is_equilibrium_n
diff_epsilon_KArray_n
apply_is_equilibrium_n: no equilibrium
generation 64
generation 64
compute_adults_prevgen_n
apply_adults_prevgen_n
compute_mutation_n
apply_mutation_n
compute_self_progeny_n
apply_self_progeny_n
compute_apomixis_progeny_n
apply_apomixis_progeny_n
apply_apomixis_progeny_n: no apomixis
compute_gametes_n
apply_gametes_full_n
adjust_gametes_n
compute_zygotes_n
apply_zygotes_n
compute_summed_progeny_n
compute_selection_n
apply_selection_n
mean_fitness_n: sum_KArray_n was=36.2963
mean_fitness_n: KN->createlethal[0]=0
mean_fitness_n: KN->createlethal[1]=0
mean_fitness_n: sum_KArray_n is=36.2963
compute_adults_nextgen_n
apply_adults_nextgen_n
normalize_KArray_n
is_equilibrium_n
apply_is_equilibrium_n
diff_epsilon_KArray_n
apply_is_equilibrium_n: no equilibrium
generation 65
generation 65
compute_adults_prevgen_n
apply_adults_prevgen_n
compute_mutation_n
apply_mutation_n
compute_self_progeny_n
apply_self_progeny_n
compute_apomixis_progeny_n
apply_apomixis_progeny_n
apply_apomixis_progeny_n: no apomixis
compute_gametes_n
apply_gametes_full_n
adjust_gametes_n
compute_zygotes_n
apply_zygotes_n
compute_summed_progeny_n
compute_selection_n
apply_selection_n
mean_fitness_n: sum_KArray_n was=36.2958
mean_fitness_n: KN->createlethal[0]=0
mean_fitness_n: KN->createlethal[1]=0
mean_fitness_n: sum_KArray_n is=36.2958
compute_adults_nextgen_n
apply_adults_nextgen_n
normalize_KArray_n
is_equilibrium_n
apply_is_equilibrium_n
diff_epsilon_KArray_n
apply_is_equilibrium_n: no equilibrium
generation 66
generation 66
compute_adults_prevgen_n
apply_adults_prevgen_n
compute_mutation_n
apply_mutation_n
compute_self_progeny_n
apply_self_progeny_n
compute_apomixis_progeny_n
apply_apomixis_progeny_n
apply_apomixis_progeny_n: no apomixis
compute_gametes_n
apply_gametes_full_n
adjust_gametes_n
compute_zygotes_n
apply_zygotes_n
compute_summed_progeny_n
compute_selection_n
apply_selection_n
mean_fitness_n: sum_KArray_n was=36.2954
mean_fitness_n: KN->createlethal[0]=0
mean_fitness_n: KN->createlethal[1]=0
mean_fitness_n: sum_KArray_n is=36.2954
compute_adults_nextgen_n
apply_adults_nextgen_n
normalize_KArray_n
is_equilibrium_n
apply_is_equilibrium_n
diff_epsilon_KArray_n
apply_is_equilibrium_n: no equilibrium
generation 67
generation 67
compute_adults_prevgen_n
apply_adults_prevgen_n
compute_mutation_n
apply_mutation_n
compute_self_progeny_n
apply_self_progeny_n
compute_apomixis_progeny_n
apply_apomixis_progeny_n
apply_apomixis_progeny_n: no apomixis
compute_gametes_n
apply_gametes_full_n
adjust_gametes_n
compute_zygotes_n
apply_zygotes_n
compute_summed_progeny_n
compute_selection_n
apply_selection_n
mean_fitness_n: sum_KArray_n was=36.2951
mean_fitness_n: KN->createlethal[0]=0
mean_fitness_n: KN->createlethal[1]=0
mean_fitness_n: sum_KArray_n is=36.2951
compute_adults_nextgen_n
apply_adults_nextgen_n
normalize_KArray_n
is_equilibrium_n
apply_is_equilibrium_n
diff_epsilon_KArray_n
apply_is_equilibrium_n: no equilibrium
generation 68
generation 68
compute_adults_prevgen_n
apply_adults_prevgen_n
compute_mutation_n
apply_mutation_n
compute_self_progeny_n
apply_self_progeny_n
compute_apomixis_progeny_n
apply_apomixis_progeny_n
apply_apomixis_progeny_n: no apomixis
compute_gametes_n
apply_gametes_full_n
adjust_gametes_n
compute_zygotes_n
apply_zygotes_n
compute_summed_progeny_n
compute_selection_n
apply_selection_n
mean_fitness_n: sum_KArray_n was=36.2948
mean_fitness_n: KN->createlethal[0]=0
mean_fitness_n: KN->createlethal[1]=0
mean_fitness_n: sum_KArray_n is=36.2948
compute_adults_nextgen_n
apply_adults_nextgen_n
normalize_KArray_n
is_equilibrium_n
apply_is_equilibrium_n
diff_epsilon_KArray_n
apply_is_equilibrium_n: no equilibrium
generation 69
generation 69
compute_adults_prevgen_n
apply_adults_prevgen_n
compute_mutation_n
apply_mutation_n
compute_self_progeny_n
apply_self_progeny_n
compute_apomixis_progeny_n
apply_apomixis_progeny_n
apply_apomixis_progeny_n: no apomixis
compute_gametes_n
apply_gametes_full_n
adjust_gametes_n
compute_zygotes_n
apply_zygotes_n
compute_summed_progeny_n
compute_selection_n
apply_selection_n
mean_fitness_n: sum_KArray_n was=36.2947
mean_fitness_n: KN->createlethal[0]=0
mean_fitness_n: KN->createlethal[1]=0
mean_fitness_n: sum_KArray_n is=36.2947
compute_adults_nextgen_n
apply_adults_nextgen_n
normalize_KArray_n
is_equilibrium_n
apply_is_equilibrium_n
diff_epsilon_KArray_n
apply_is_equilibrium_n: no equilibrium
generation 70
generation 70
compute_adults_prevgen_n
apply_adults_prevgen_n
compute_mutation_n
apply_mutation_n
compute_self_progeny_n
apply_self_progeny_n
compute_apomixis_progeny_n
apply_apomixis_progeny_n
apply_apomixis_progeny_n: no apomixis
compute_gametes_n
apply_gametes_full_n
adjust_gametes_n
compute_zygotes_n
apply_zygotes_n
compute_summed_progeny_n
compute_selection_n
apply_selection_n
mean_fitness_n: sum_KArray_n was=36.2945
mean_fitness_n: KN->createlethal[0]=0
mean_fitness_n: KN->createlethal[1]=0
mean_fitness_n: sum_KArray_n is=36.2945
compute_adults_nextgen_n
apply_adults_nextgen_n
normalize_KArray_n
is_equilibrium_n
apply_is_equilibrium_n
diff_epsilon_KArray_n
apply_is_equilibrium_n: no equilibrium
generation 71
generation 71
compute_adults_prevgen_n
apply_adults_prevgen_n
compute_mutation_n
apply_mutation_n
compute_self_progeny_n
apply_self_progeny_n
compute_apomixis_progeny_n
apply_apomixis_progeny_n
apply_apomixis_progeny_n: no apomixis
compute_gametes_n
apply_gametes_full_n
adjust_gametes_n
compute_zygotes_n
apply_zygotes_n
compute_summed_progeny_n
compute_selection_n
apply_selection_n
mean_fitness_n: sum_KArray_n was=36.2944
mean_fitness_n: KN->createlethal[0]=0
mean_fitness_n: KN->createlethal[1]=0
mean_fitness_n: sum_KArray_n is=36.2944
compute_adults_nextgen_n
apply_adults_nextgen_n
normalize_KArray_n
is_equilibrium_n
apply_is_equilibrium_n
diff_epsilon_KArray_n
apply_is_equilibrium_n: no equilibrium
generation 72
generation 72
compute_adults_prevgen_n
apply_adults_prevgen_n
compute_mutation_n
apply_mutation_n
compute_self_progeny_n
apply_self_progeny_n
compute_apomixis_progeny_n
apply_apomixis_progeny_n
apply_apomixis_progeny_n: no apomixis
compute_gametes_n
apply_gametes_full_n
adjust_gametes_n
compute_zygotes_n
apply_zygotes_n
compute_summed_progeny_n
compute_selection_n
apply_selection_n
mean_fitness_n: sum_KArray_n was=36.2943
mean_fitness_n: KN->createlethal[0]=0
mean_fitness_n: KN->createlethal[1]=0
mean_fitness_n: sum_KArray_n is=36.2943
compute_adults_nextgen_n
apply_adults_nextgen_n
normalize_KArray_n
is_equilibrium_n
apply_is_equilibrium_n
diff_epsilon_KArray_n
apply_is_equilibrium_n: no equilibrium
generation 73
generation 73
compute_adults_prevgen_n
apply_adults_prevgen_n
compute_mutation_n
apply_mutation_n
compute_self_progeny_n
apply_self_progeny_n
compute_apomixis_progeny_n
apply_apomixis_progeny_n
apply_apomixis_progeny_n: no apomixis
compute_gametes_n
apply_gametes_full_n
adjust_gametes_n
compute_zygotes_n
apply_zygotes_n
compute_summed_progeny_n
compute_selection_n
apply_selection_n
mean_fitness_n: sum_KArray_n was=36.2942
mean_fitness_n: KN->createlethal[0]=0
mean_fitness_n: KN->createlethal[1]=0
mean_fitness_n: sum_KArray_n is=36.2942
compute_adults_nextgen_n
apply_adults_nextgen_n
normalize_KArray_n
is_equilibrium_n
apply_is_equilibrium_n
diff_epsilon_KArray_n
apply_is_equilibrium_n: no equilibrium
generation 74
generation 74
compute_adults_prevgen_n
apply_adults_prevgen_n
compute_mutation_n
apply_mutation_n
compute_self_progeny_n
apply_self_progeny_n
compute_apomixis_progeny_n
apply_apomixis_progeny_n
apply_apomixis_progeny_n: no apomixis
compute_gametes_n
apply_gametes_full_n
adjust_gametes_n
compute_zygotes_n
apply_zygotes_n
compute_summed_progeny_n
compute_selection_n
apply_selection_n
mean_fitness_n: sum_KArray_n was=36.2942
mean_fitness_n: KN->createlethal[0]=0
mean_fitness_n: KN->createlethal[1]=0
mean_fitness_n: sum_KArray_n is=36.2942
compute_adults_nextgen_n
apply_adults_nextgen_n
normalize_KArray_n
is_equilibrium_n
apply_is_equilibrium_n
diff_epsilon_KArray_n
apply_is_equilibrium_n: no equilibrium
generation 75
generation 75
compute_adults_prevgen_n
apply_adults_prevgen_n
compute_mutation_n
apply_mutation_n
compute_self_progeny_n
apply_self_progeny_n
compute_apomixis_progeny_n
apply_apomixis_progeny_n
apply_apomixis_progeny_n: no apomixis
compute_gametes_n
apply_gametes_full_n
adjust_gametes_n
compute_zygotes_n
apply_zygotes_n
compute_summed_progeny_n
compute_selection_n
apply_selection_n
mean_fitness_n: sum_KArray_n was=36.2941
mean_fitness_n: KN->createlethal[0]=0
mean_fitness_n: KN->createlethal[1]=0
mean_fitness_n: sum_KArray_n is=36.2941
compute_adults_nextgen_n
apply_adults_nextgen_n
normalize_KArray_n
is_equilibrium_n
apply_is_equilibrium_n
diff_epsilon_KArray_n
apply_is_equilibrium_n: no equilibrium
generation 76
generation 76
compute_adults_prevgen_n
apply_adults_prevgen_n
compute_mutation_n
apply_mutation_n
compute_self_progeny_n
apply_self_progeny_n
compute_apomixis_progeny_n
apply_apomixis_progeny_n
apply_apomixis_progeny_n: no apomixis
compute_gametes_n
apply_gametes_full_n
adjust_gametes_n
compute_zygotes_n
apply_zygotes_n
compute_summed_progeny_n
compute_selection_n
apply_selection_n
mean_fitness_n: sum_KArray_n was=36.2941
mean_fitness_n: KN->createlethal[0]=0
mean_fitness_n: KN->createlethal[1]=0
mean_fitness_n: sum_KArray_n is=36.2941
compute_adults_nextgen_n
apply_adults_nextgen_n
normalize_KArray_n
is_equilibrium_n
apply_is_equilibrium_n
diff_epsilon_KArray_n
apply_is_equilibrium_n: no equilibrium
generation 77
generation 77
compute_adults_prevgen_n
apply_adults_prevgen_n
compute_mutation_n
apply_mutation_n
compute_self_progeny_n
apply_self_progeny_n
compute_apomixis_progeny_n
apply_apomixis_progeny_n
apply_apomixis_progeny_n: no apomixis
compute_gametes_n
apply_gametes_full_n
adjust_gametes_n
compute_zygotes_n
apply_zygotes_n
compute_summed_progeny_n
compute_selection_n
apply_selection_n
mean_fitness_n: sum_KArray_n was=36.2941
mean_fitness_n: KN->createlethal[0]=0
mean_fitness_n: KN->createlethal[1]=0
mean_fitness_n: sum_KArray_n is=36.2941
compute_adults_nextgen_n
apply_adults_nextgen_n
normalize_KArray_n
is_equilibrium_n
apply_is_equilibrium_n
diff_epsilon_KArray_n
apply_is_equilibrium_n: no equilibrium
generation 78
generation 78
compute_adults_prevgen_n
apply_adults_prevgen_n
compute_mutation_n
apply_mutation_n
compute_self_progeny_n
apply_self_progeny_n
compute_apomixis_progeny_n
apply_apomixis_progeny_n
apply_apomixis_progeny_n: no apomixis
compute_gametes_n
apply_gametes_full_n
adjust_gametes_n
compute_zygotes_n
apply_zygotes_n
compute_summed_progeny_n
compute_selection_n
apply_selection_n
mean_fitness_n: sum_KArray_n was=36.294
mean_fitness_n: KN->createlethal[0]=0
mean_fitnes