This is pdfeTeX, Version 3.141592-1.30.6-2.2 (MiKTeX 2.5 Beta 12) (preloaded format=pdflatex 2006.7.9)  11 JAN 2007 10:34
entering extended mode
**C:/Documents*and*Settings/DouglasScofield/Desktop/K/K/doc/manual/K_manual.tex

("C:\Documents and Settings\DouglasScofield\Desktop\K\K\doc\manual\K_manual.tex
"
LaTeX2e <2005/12/01>
Babel <v3.8g> and hyphenation patterns for english, dumylang, nohyphenation, ge
rman, ngerman, french, loaded.
("C:\Program Files\MiKTeX 2.5\tex\latex\base\report.cls"
Document Class: report 2005/09/16 v1.4f Standard LaTeX document class
("C:\Program Files\MiKTeX 2.5\tex\latex\base\fleqn.clo"
File: fleqn.clo 1998/08/17 v1.1c Standard LaTeX option (flush left equations)
\mathindent=\dimen102
)
("C:\Program Files\MiKTeX 2.5\tex\latex\base\size12.clo"
File: size12.clo 2005/09/16 v1.4f Standard LaTeX file (size option)
)
\c@part=\count79
\c@chapter=\count80
\c@section=\count81
\c@subsection=\count82
\c@subsubsection=\count83
\c@paragraph=\count84
\c@subparagraph=\count85
\c@figure=\count86
\c@table=\count87
\abovecaptionskip=\skip41
\belowcaptionskip=\skip42
\bibindent=\dimen103
)
("C:\Program Files\MiKTeX 2.5\tex\latex\marvosym\marvosym.sty"
Package: marvosym 2006/05/11 v2.1 Martin Vogel's Symbols font definitions
)
("C:\Program Files\MiKTeX 2.5\tex\latex\ltxmisc\topcapt.sty"
Package: topcapt 2004/12/11 v1.2 Caption at top of float
)
("C:\Program Files\MiKTeX 2.5\tex\latex\epigraph\epigraph.sty"
Package: epigraph 2002/10/22 v1.5a typesetting epigraphs
\beforeepigraphskip=\skip43
\afterepigraphskip=\skip44
\epigraphwidth=\skip45
\epigraphrule=\skip46
)
("C:\Program Files\MiKTeX 2.5\tex\latex\ltxmisc\url.sty"
\Urlmuskip=\muskip10
Package: url 2005/06/27  ver 3.2  Verb mode for urls, etc.
)
("C:\Program Files\MiKTeX 2.5\tex\latex\natbib\natbib.sty"
Package: natbib 2006/03/22 7.3 (PWD)
\bibhang=\skip47
\bibsep=\skip48
LaTeX Info: Redefining \cite on input line 541.
\c@NAT@ctr=\count88
)
("C:\Program Files\MiKTeX 2.5\tex\latex\amsmath\amsmath.sty"
Package: amsmath 2000/07/18 v2.13 AMS math features
\@mathmargin=\skip49

For additional information on amsmath, use the `?' option.
("C:\Program Files\MiKTeX 2.5\tex\latex\amsmath\amstext.sty"
Package: amstext 2000/06/29 v2.01

("C:\Program Files\MiKTeX 2.5\tex\latex\amsmath\amsgen.sty"
File: amsgen.sty 1999/11/30 v2.0
\@emptytoks=\toks14
\ex@=\dimen104
))
("C:\Program Files\MiKTeX 2.5\tex\latex\amsmath\amsbsy.sty"
Package: amsbsy 1999/11/29 v1.2d
\pmbraise@=\dimen105
)
("C:\Program Files\MiKTeX 2.5\tex\latex\amsmath\amsopn.sty"
Package: amsopn 1999/12/14 v2.01 operator names
)
\inf@bad=\count89
LaTeX Info: Redefining \frac on input line 211.
\uproot@=\count90
\leftroot@=\count91
LaTeX Info: Redefining \overline on input line 307.
\classnum@=\count92
\DOTSCASE@=\count93
LaTeX Info: Redefining \ldots on input line 379.
LaTeX Info: Redefining \dots on input line 382.
LaTeX Info: Redefining \cdots on input line 467.
\Mathstrutbox@=\box26
\strutbox@=\box27
\big@size=\dimen106
LaTeX Font Info:    Redeclaring font encoding OML on input line 567.
LaTeX Font Info:    Redeclaring font encoding OMS on input line 568.
\macc@depth=\count94
\c@MaxMatrixCols=\count95
\dotsspace@=\muskip11
\c@parentequation=\count96
\dspbrk@lvl=\count97
\tag@help=\toks15
\row@=\count98
\column@=\count99
\maxfields@=\count100
\andhelp@=\toks16
\eqnshift@=\dimen107
\alignsep@=\dimen108
\tagshift@=\dimen109
\tagwidth@=\dimen110
\totwidth@=\dimen111
\lineht@=\dimen112
\@envbody=\toks17
\multlinegap=\skip50
\multlinetaggap=\skip51
\mathdisplay@stack=\toks18
LaTeX Info: Redefining \[ on input line 2666.
LaTeX Info: Redefining \] on input line 2667.
)
("C:\Program Files\MiKTeX 2.5\tex\latex\graphics\graphicx.sty"
Package: graphicx 1999/02/16 v1.0f Enhanced LaTeX Graphics (DPC,SPQR)

("C:\Program Files\MiKTeX 2.5\tex\latex\graphics\keyval.sty"
Package: keyval 1999/03/16 v1.13 key=value parser (DPC)
\KV@toks@=\toks19
)
("C:\Program Files\MiKTeX 2.5\tex\latex\graphics\graphics.sty"
Package: graphics 2006/02/20 v1.0o Standard LaTeX Graphics (DPC,SPQR)

("C:\Program Files\MiKTeX 2.5\tex\latex\graphics\trig.sty"
Package: trig 1999/03/16 v1.09 sin cos tan (DPC)
)
("C:\Program Files\MiKTeX 2.5\tex\latex\00miktex\graphics.cfg"
File: graphics.cfg 2005/12/29 v1.2 MiKTeX 'graphics' configuration
)
Package graphics Info: Driver file: pdftex.def on input line 90.

("C:\Program Files\MiKTeX 2.5\tex\latex\graphics\pdftex.def"
File: pdftex.def 2006/05/17 v0.03q Graphics/color for pdfTeX
\Gread@gobject=\count101
))
\Gin@req@height=\dimen113
\Gin@req@width=\dimen114
)
("C:\Program Files\MiKTeX 2.5\tex\latex\graphics\lscape.sty"
Package: lscape 2000/10/22 v3.01 Landscape Pages (DPC)
)
("C:\Program Files\MiKTeX 2.5\tex\latex\setspace\setspace.sty"
Package: setspace 2000/12/01 6.7 Contributed and Supported LaTeX2e package

Package: `setspace' 6.7 <2000/12/01>
) ("C:\Program Files\MiKTeX 2.5\tex\latex\tools\longtable.sty"
Package: longtable 2004/02/01 v4.11 Multi-page Table package (DPC)
\LTleft=\skip52
\LTright=\skip53
\LTpre=\skip54
\LTpost=\skip55
\LTchunksize=\count102
\LTcapwidth=\dimen115
\LT@head=\box28
\LT@firsthead=\box29
\LT@foot=\box30
\LT@lastfoot=\box31
\LT@cols=\count103
\LT@rows=\count104
\c@LT@tables=\count105
\c@LT@chunks=\count106
\LT@p@ftn=\toks20
)
("C:\Program Files\MiKTeX 2.5\tex\latex\tools\verbatim.sty"
Package: verbatim 2003/08/22 v1.5q LaTeX2e package for verbatim enhancements
\every@verbatim=\toks21
\verbatim@line=\toks22
\verbatim@in@stream=\read1
)
("C:\Program Files\MiKTeX 2.5\tex\latex\listings\listings.sty"
\lst@mode=\count107
\lst@gtempboxa=\box32
\lst@token=\toks23
\lst@length=\count108
\lst@currlwidth=\dimen116
\lst@column=\count109
\lst@pos=\count110
\lst@lostspace=\dimen117
\lst@width=\dimen118
\lst@newlines=\count111
\lst@lineno=\count112
\c@lstlisting=\count113
\lst@maxwidth=\dimen119

("C:\Program Files\MiKTeX 2.5\tex\latex\listings\lstpatch.sty"
File: lstpatch.sty 2004/10/17 1.3b (Carsten Heinz)
)
("C:\Program Files\MiKTeX 2.5\tex\latex\listings\lstmisc.sty"
File: lstmisc.sty 2004/09/07 1.3 (Carsten Heinz)
\c@lstnumber=\count114
\lst@skipnumbers=\count115
\lst@framebox=\box33
)
("C:\Program Files\MiKTeX 2.5\tex\latex\listings\listings.cfg"
File: listings.cfg 2004/09/05 1.3 listings configuration
))
Package: listings 2004/10/17 1.3b (Carsten Heinz)

("C:\Program Files\MiKTeX 2.5\tex\latex\listings\lstlang1.sty"
File: lstlang1.sty 2004/09/05 1.3 listings language file
)
("C:\Program Files\MiKTeX 2.5\tex\latex\listings\lstmisc.sty"
File: lstmisc.sty 2004/09/07 1.3 (Carsten Heinz)
)
("C:\Program Files\MiKTeX 2.5\tex\latex\fancyvrb\fancyvrb.sty"
Package: fancyvrb 1998/07/17

Style option: `fancyvrb' v2.6, with DG/SPQR fixes <1998/07/17> (tvz)
\FV@CodeLineNo=\count116
\FV@InFile=\read2
\FV@TabBox=\box34
\c@FancyVerbLine=\count117
\FV@StepNumber=\count118
\FV@OutFile=\write3

No file fancyvrb.cfg.
) (K_manual.aux)
LaTeX Font Info:    Checking defaults for OML/cmm/m/it on input line 263.
LaTeX Font Info:    ... okay on input line 263.
LaTeX Font Info:    Checking defaults for T1/cmr/m/n on input line 263.
LaTeX Font Info:    ... okay on input line 263.
LaTeX Font Info:    Checking defaults for OT1/cmr/m/n on input line 263.
LaTeX Font Info:    ... okay on input line 263.
LaTeX Font Info:    Checking defaults for OMS/cmsy/m/n on input line 263.
LaTeX Font Info:    ... okay on input line 263.
LaTeX Font Info:    Checking defaults for OMX/cmex/m/n on input line 263.
LaTeX Font Info:    ... okay on input line 263.
LaTeX Font Info:    Checking defaults for U/cmr/m/n on input line 263.
LaTeX Font Info:    ... okay on input line 263.
 ("C:\Program Files\MiKTeX 2.5\tex\context\base\supp-pdf.tex"
("C:\Program Files\MiKTeX 2.5\tex\context\base\supp-mis.tex"
loading : Context Support Macros / Miscellaneous (2004.10.26)
\protectiondepth=\count119
\scratchcounter=\count120
\scratchtoks=\toks24
\scratchdimen=\dimen120
\scratchskip=\skip56
\scratchmuskip=\muskip12
\scratchbox=\box35
\scratchread=\read3
\scratchwrite=\write4
\zeropoint=\dimen121
\onepoint=\dimen122
\onebasepoint=\dimen123
\minusone=\count121
\thousandpoint=\dimen124
\onerealpoint=\dimen125
\emptytoks=\toks25
\nextbox=\box36
\nextdepth=\dimen126
\everyline=\toks26
\!!counta=\count122
\!!countb=\count123
\recursecounter=\count124
)
loading : Context Support Macros / PDF (2004.03.26)
\nofMPsegments=\count125
\nofMParguments=\count126
\MPscratchCnt=\count127
\MPscratchDim=\dimen127
\MPnumerator=\count128
\everyMPtoPDFconversion=\toks27
) [1

{psfonts.map}] [2

] (K_manual.toc [3


])
\tf@toc=\write5
 [4] (K_manual.lot)
\tf@lot=\write6
 [5

] (K_manual.lof)
\tf@lof=\write7
[6

]
Chapter 1.

Underfull \vbox (badness 1147) has occurred while \output is active []

 [7


]
LaTeX Font Info:    Try loading font information for OMS+cmr on input line 301.


("C:\Program Files\MiKTeX 2.5\tex\latex\base\omscmr.fd"
File: omscmr.fd 1999/05/25 v2.5h Standard LaTeX font definitions
)
LaTeX Font Info:    Font shape `OMS/cmr/m/n' in size <12> not available
(Font)              Font shape `OMS/cmsy/m/n' tried instead on input line 301.
 [8] [9] [10]
LaTeX Font Info:    Font shape `OMS/cmr/m/it' in size <10.95> not available
(Font)              Font shape `OMS/cmsy/m/n' tried instead on input line 348.
LaTeX Font Info:    Font shape `OT1/cmtt/bx/n' in size <10.95> not available
(Font)              Font shape `OT1/cmtt/m/n' tried instead on input line 361.
 [11]
<k_lssh0_bb.pdf, id=78, 351.3125pt x 296.10625pt>
File: k_lssh0_bb.pdf Graphic file (type pdf)
 <use k_lssh0_bb.pdf>
<k_lssh02_bb.pdf, id=80, 351.3125pt x 296.10625pt>
File: k_lssh02_bb.pdf Graphic file (type pdf)
 <use k_lssh02_bb.pdf>
[12] [13 <k_lssh0_bb.pdf>] [14 <k_lssh02_bb.pdf>]
Chapter 2.

Underfull \vbox (badness 10000) has occurred while \output is active []

 [15

]
[16]
Chapter 3.
[17

]
LaTeX Font Info:    Try loading font information for U+mvs on input line 477.
 ("C:\Program Files\MiKTeX 2.5\tex\latex\marvosym\umvs.fd")
Underfull \vbox (badness 1189) has occurred while \output is active []

 [18]
Underfull \vbox (badness 10000) has occurred while \output is active []

 [19]
[20]
Chapter 4.
[21

]
Underfull \hbox (badness 1454) in paragraph at lines 631--632
\OT1/cmr/m/n/12 For com-pu-ta-tional ef-fi-ciency, \OT1/cmr/bx/n/12 K \OT1/cmr/
m/n/12 au-to-mat-i-cally cal-cu-lates fit-nesses for all []
 []


Underfull \hbox (badness 2680) in paragraph at lines 631--632
\OT1/cmr/m/n/12 and stores these val-ues in the ar-ray [][][]. The func-tion
 []

[22]
Underfull \hbox (badness 2205) in paragraph at lines 640--641
\OT1/cmr/m/n/12 times, all rel-e-vant mem-bers of [] should be up-dated, and th
en the func-tion
 []

LaTeX Font Info:    Try loading font information for OML+cmr on input line 644.

("C:\Program Files\MiKTeX 2.5\tex\latex\base\omlcmr.fd"
File: omlcmr.fd 1999/05/25 v2.5h Standard LaTeX font definitions
)
LaTeX Font Info:    Font shape `OML/cmr/m/it' in size <10.95> not available
(Font)              Font shape `OML/cmm/m/it' tried instead on input line 644.
 [23] [24] [25]
Chapter 5.
[26

] [27]
Underfull \vbox (badness 10000) has occurred while \output is active []

 [28]
Underfull \vbox (badness 10000) has occurred while \output is active []

 [29]
Underfull \vbox (badness 10000) has occurred while \output is active []

 [30]
[31] [32]
Chapter 6.
[33

]
Underfull \hbox (badness 10000) in paragraph at lines 878--878
[]|\OT1/cmr/m/n/12 Resources for apomic-tic
 []


Underfull \hbox (badness 10000) in paragraph at lines 879--879
[]|\OT1/cmr/m/n/12 Resources for out-crossed
 []


Underfull \hbox (badness 10000) in paragraph at lines 880--880
[]|\OT1/cmr/m/n/12 Resources for out-crossed
 []


Underfull \hbox (badness 5446) in paragraph at lines 881--881
[]|\OT1/cmr/m/n/12 Total re-sources used for
 []


Underfull \hbox (badness 5446) in paragraph at lines 882--882
[]|\OT1/cmr/m/n/12 Total re-sources used for
 []


Underfull \hbox (badness 10000) in paragraph at lines 884--884
\OT1/cmr/m/n/12 used for [] apomic-tic
 []


Underfull \hbox (badness 10000) in paragraph at lines 886--886
[]|\OT1/cmr/m/n/12 Proportion of [] re-
 []

[34

] [35] [36] [37

]
Chapter 7.
[38

] [39] [40]
Chapter 8.
(K_manual.bbl [41

] [42

]) [43] (K_manual.aux) )
(\end occurred inside a group at level 1)

### simple group (level 1) entered at line 413 ({)
### bottom level 
Here is how much of TeX's memory you used:
 4547 strings out of 95419
 57234 string characters out of 1187299
 160404 words of memory out of 1115976
 7503 multiletter control sequences out of 60000
 16665 words of font info for 58 fonts, out of 1000000 for 2000
 14 hyphenation exceptions out of 8191
 27i,20n,49p,1217b,1615s stack positions out of 5000i,500n,10000p,200000b,32768s
PDF statistics:
 222 PDF objects out of 300000
 0 named destinations out of 300000
 23 words of extra memory for PDF output out of 10000
<C:/Program Files/MiKTeX 2.5/fonts/type1/bluesky/cm/cmbxti10.pf
b><C:/Program Files/MiKTeX 2.5/fonts/type1/bluesky/cm/cmmi10.pfb><C:/Program Fi
les/MiKTeX 2.5/fonts/type1/bluesky/cm/cmr6.pfb><C:/Program Files/MiKTeX 2.5/fon
ts/type1/public/marvosym/marvosym.pfb><C:/Program Files/MiKTeX 2.5/fonts/type1/
bluesky/cm/cmsy6.pfb><C:/Program Files/MiKTeX 2.5/fonts/type1/bluesky/cm/cmmi6.
pfb><C:/Program Files/MiKTeX 2.5/fonts/type1/bluesky/cm/cmex10.pfb><C:/Program 
Files/MiKTeX 2.5/fonts/type1/bluesky/cm/cmti10.pfb><C:/Program Files/MiKTeX 2.5
/fonts/type1/bluesky/cm/cmtt10.pfb><C:/Program Files/MiKTeX 2.5/fonts/type1/blu
esky/cm/cmsy8.pfb><C:/Program Files/MiKTeX 2.5/fonts/type1/bluesky/cm/cmsy10.pf
b><C:/Program Files/MiKTeX 2.5/fonts/type1/bluesky/cm/cmti12.pfb><C:/Program Fi
les/MiKTeX 2.5/fonts/type1/bluesky/cm/cmsl12.pfb><C:/Program Files/MiKTeX 2.5/f
onts/type1/bluesky/cm/cmmi8.pfb><C:/Program Files/MiKTeX 2.5/fonts/type1/bluesk
y/cm/cmmi12.pfb><C:/Program Files/MiKTeX 2.5/fonts/type1/bluesky/cm/cmtt12.pfb>
<C:/Program Files/MiKTeX 2.5/fonts/type1/bluesky/cm/cmr8.pfb><C:/Program Files/
MiKTeX 2.5/fonts/type1/bluesky/cm/cmr10.pfb><C:/Program Files/MiKTeX 2.5/fonts/
type1/bluesky/cm/cmr12.pfb><C:/Program Files/MiKTeX 2.5/fonts/type1/bluesky/cm/
cmr17.pfb><C:/Program Files/MiKTeX 2.5/fonts/type1/bluesky/cm/cmbx12.pfb>
Output written on K_manual.pdf (43 pages, 238202 bytes).
