for U0=0.02 ...
creating file KN2_U=(0.02,0)_s=(1,0)_h=(0,0).txt ...
U=(0.02,0) s=(1,0) h=(0,0) S=0.6 ...
U=(0.02,0) s=(1,0) h=(0,0) S=0.7 ...
U=(0.02,0) s=(1,0) h=(0,0) S=0.8 ...
U=(0.02,0) s=(1,0) h=(0,0) S=0.9 ...
U=(0.02,0) s=(1,0) h=(0,0) S=1 ...
done

creating file KN2_U=(0.02,0)_s=(1,0)_h=(0.02,0).txt ...
U=(0.02,0) s=(1,0) h=(0.02,0) S=0.6 ...
FATAL ERROR: Unrecognized argument: <0.02>
 
U=(0.02,0) s=(1,0) h=(0.02,0) S=0.7 ...
FATAL ERROR: Unrecognized argument: <0.02>
 
U=(0.02,0) s=(1,0) h=(0.02,0) S=0.8 ...
FATAL ERROR: Unrecognized argument: <0.02>
 
U=(0.02,0) s=(1,0) h=(0.02,0) S=0.9 ...
FATAL ERROR: Unrecognized argument: <0.02>
 
U=(0.02,0) s=(1,0) h=(0.02,0) S=1 ...
FATAL ERROR: Unrecognized argument: <0.02>
 
done

for U0=0.2 ...
creating file KN2_U=(0.2,0)_s=(1,0)_h=(0,0).txt ...
U=(0.2,0) s=(1,0) h=(0,0) S=0.6 ...
U=(0.2,0) s=(1,0) h=(0,0) S=0.7 ...
U=(0.2,0) s=(1,0) h=(0,0) S=0.8 ...
U=(0.2,0) s=(1,0) h=(0,0) S=0.9 ...
U=(0.2,0) s=(1,0) h=(0,0) S=1 ...
done

creating file KN2_U=(0.2,0)_s=(1,0)_h=(0.02,0).txt ...
U=(0.2,0) s=(1,0) h=(0.02,0) S=0.6 ...
FATAL ERROR: Unrecognized argument: <0.02>
 
U=(0.2,0) s=(1,0) h=(0.02,0) S=0.7 ...
FATAL ERROR: Unrecognized argument: <0.02>
 
U=(0.2,0) s=(1,0) h=(0.02,0) S=0.8 ...
FATAL ERROR: Unrecognized argument: <0.02>
 
U=(0.2,0) s=(1,0) h=(0.02,0) S=0.9 ...
FATAL ERROR: Unrecognized argument: <0.02>
 
U=(0.2,0) s=(1,0) h=(0.02,0) S=1 ...
FATAL ERROR: Unrecognized argument: <0.02>
 
done

for U0=1 ...
creating file KN2_U=(1,0)_s=(1,0)_h=(0,0).txt ...
U=(1,0) s=(1,0) h=(0,0) S=0.6 ...
U=(1,0) s=(1,0) h=(0,0) S=0.7 ...
U=(1,0) s=(1,0) h=(0,0) S=0.8 ...
U=(1,0) s=(1,0) h=(0,0) S=0.9 ...
U=(1,0) s=(1,0) h=(0,0) S=1 ...
done

creating file KN2_U=(1,0)_s=(1,0)_h=(0.02,0).txt ...
U=(1,0) s=(1,0) h=(0.02,0) S=0.6 ...
FATAL ERROR: Unrecognized argument: <0.02>
 
U=(1,0) s=(1,0) h=(0.02,0) S=0.7 ...
FATAL ERROR: Unrecognized argument: <0.02>
 
U=(1,0) s=(1,0) h=(0.02,0) S=0.8 ...
FATAL ERROR: Unrecognized argument: <0.02>
 
U=(1,0) s=(1,0) h=(0.02,0) S=0.9 ...
FATAL ERROR: Unrecognized argument: <0.02>
 
U=(1,0) s=(1,0) h=(0.02,0) S=1 ...
FATAL ERROR: Unrecognized argument: <0.02>
 
done

